2025-11-03 02:04:17 [INFO] Connecting to MSSTB5 (172.29.108.106)...
2025-11-03 02:04:17 [INFO] Connected. Opening interactive shell...
2025-11-03 02:04:19 [INFO] Executing command: ZMVO
2025-11-03 02:04:25 [INFO] Command output:
ZMVO


LOADING PROGRAM VERSION 27.25-2

/* DATA UNIT:

   SUBSCRIBER IDENTIFICATION; */

MVO:
2025-11-03 02:04:25 [INFO] Executing command: MSISDN=4915781993214
2025-11-03 02:04:31 [INFO] Command output:
MSISDN=4915781993214

/* SELECT EXECUTION DETERMINATION OR
   SYSTEM NAME OF OUTPUT DEVICE

     EXECUTION DETERMINATION:
       ; .. COMMAND EXECUTION
       N .. NO EXECUTION

     SYSTEM NAME OF OUTPUT DEVICE:
       1 ... 11 CHARACTERS

   DEFAULT IS CURRENT DEFINITION      */

MVO:MSISDN=4915781993214::
2025-11-03 02:04:31 [INFO] Executing command: ;
2025-11-03 02:04:37 [INFO] Command output:
;

MSS       MSSTB5                    2025-11-03  02:04:31

/*** DX ERROR: 196613 ***/
/*** UNKNOWN SUBSCRIBER ***/

COMMAND EXECUTION FAILED 

VISITING SUBSCRIBER IDENTIFICATION HANDLING COMMAND <MV_>
< 
2025-11-03 02:04:37 [INFO] Detected error pattern — stopping command sequence.
2025-11-03 02:04:37 [INFO] MSISDN NOT PRESENT on 172.29.108.106
2025-11-03 02:04:37 [INFO] Disconnected from 172.29.108.106
